[debug] [2026-05-28T05:52:31.121Z] ----------------------------------------------------------------------
[debug] [2026-05-28T05:52:31.130Z] Command:       /usr/local/bin/node /usr/local/bin/firebase init hosting
[debug] [2026-05-28T05:52:31.130Z] CLI Version:   15.19.0
[debug] [2026-05-28T05:52:31.130Z] Platform:      darwin
[debug] [2026-05-28T05:52:31.130Z] Node Version:  v24.11.1
[debug] [2026-05-28T05:52:31.130Z] Time:          Thu May 28 2026 11:22:31 GMT+0530 (India Standard Time)
[debug] [2026-05-28T05:52:31.130Z] ----------------------------------------------------------------------
[debug] 
[debug] [2026-05-28T05:52:31.131Z] >>> [apiv2][query] GET https://firebase-public.firebaseio.com/cli.json [none]
[info] 
     ######## #### ########  ######## ########     ###     ######  ########
     ##        ##  ##     ## ##       ##     ##  ##   ##  ##       ##
     ######    ##  ########  ######   ########  #########  ######  ######
     ##        ##  ##    ##  ##       ##     ## ##     ##       ## ##
     ##       #### ##     ## ######## ########  ##     ##  ######  ########

You're about to initialize a Firebase project in this directory:

  /Users/nitinkumar/Desktop/NearUS-Web

[info] 
=== Project Setup
[info] 
[info] First, let's associate this project directory with a Firebase project.
[info] You can create multiple project aliases by running firebase use --add, 
[info] 
[debug] [2026-05-28T05:52:32.489Z] <<< [apiv2][status] GET https://firebase-public.firebaseio.com/cli.json 200
[debug] [2026-05-28T05:52:32.489Z] <<< [apiv2][body] GET https://firebase-public.firebaseio.com/cli.json {"cloudBuildErrorAfter":1594252800000,"cloudBuildWarnAfter":1590019200000,"defaultNode10After":1594252800000,"minVersion":"3.0.5","node8DeploysDisabledAfter":1613390400000,"node8RuntimeDisabledAfter":1615809600000,"node8WarnAfter":1600128000000}
[debug] [2026-05-28T05:52:35.354Z] > command requires scopes: ["email","openid","https://www.googleapis.com/auth/cloudplatformprojects.readonly","https://www.googleapis.com/auth/firebase","https://www.googleapis.com/auth/cloud-platform"]
[debug] [2026-05-28T05:52:35.355Z] > authorizing via signed-in user (nitin221416@gmail.com)
[debug] [2026-05-28T05:52:35.355Z] Checked if tokens are valid: false, expires at: 1757675546006
[debug] [2026-05-28T05:52:35.355Z] Checked if tokens are valid: false, expires at: 1757675546006
[debug] [2026-05-28T05:52:35.356Z] > refreshing access token with scopes: []
[debug] [2026-05-28T05:52:35.357Z] >>> [apiv2][query] POST https://www.googleapis.com/oauth2/v3/token [none]
[debug] [2026-05-28T05:52:35.357Z] >>> [apiv2][body] POST https://www.googleapis.com/oauth2/v3/token [omitted]
[debug] [2026-05-28T05:52:35.687Z] <<< [apiv2][status] POST https://www.googleapis.com/oauth2/v3/token 400
[debug] [2026-05-28T05:52:35.687Z] <<< [apiv2][body] POST https://www.googleapis.com/oauth2/v3/token [omitted]
[debug] [2026-05-28T05:52:35.687Z] >>> [apiv2][query] GET https://firebase.googleapis.com/v1beta1/projects pageSize=100
[debug] [2026-05-28T05:52:36.131Z] <<< [apiv2][status] GET https://firebase.googleapis.com/v1beta1/projects 401
[debug] [2026-05-28T05:52:36.131Z] <<< [apiv2][body] GET https://firebase.googleapis.com/v1beta1/projects [omitted]
[debug] [2026-05-28T05:52:36.131Z] Got a 401 Unauthenticated error for a call that required authentication. Refreshing tokens.
[debug] [2026-05-28T05:52:36.131Z] Checked if tokens are valid: false, expires at: 1757675546006
[debug] [2026-05-28T05:52:36.131Z] Checked if tokens are valid: false, expires at: 1757675546006
[debug] [2026-05-28T05:52:36.131Z] > refreshing access token with scopes: []
[debug] [2026-05-28T05:52:36.132Z] >>> [apiv2][query] POST https://www.googleapis.com/oauth2/v3/token [none]
[debug] [2026-05-28T05:52:36.132Z] >>> [apiv2][body] POST https://www.googleapis.com/oauth2/v3/token [omitted]
[debug] [2026-05-28T05:52:36.255Z] <<< [apiv2][status] POST https://www.googleapis.com/oauth2/v3/token 400
[debug] [2026-05-28T05:52:36.255Z] <<< [apiv2][body] POST https://www.googleapis.com/oauth2/v3/token [omitted]
[debug] [2026-05-28T05:52:36.256Z] Request to https://firebase.googleapis.com/v1beta1/projects?pageSize=100 had HTTP Error: 401, Request had invalid authentication credentials. Expected OAuth 2 access token, login cookie or other valid authentication credential. See https://developers.google.com/identity/sign-in/web/devconsole-project.
[debug] [2026-05-28T05:52:36.523Z] FirebaseError: Request to https://firebase.googleapis.com/v1beta1/projects?pageSize=100 had HTTP Error: 401, Request had invalid authentication credentials. Expected OAuth 2 access token, login cookie or other valid authentication credential. See https://developers.google.com/identity/sign-in/web/devconsole-project.
    at responseToError (/usr/local/lib/node_modules/firebase-tools/lib/responseToError.js:53:12)
    at RetryOperation._fn (/usr/local/lib/node_modules/firebase-tools/lib/apiv2.js:333:77)
    at process.processTicksAndRejections (node:internal/process/task_queues:103:5)
[error] 
[error] Error: Failed to list Firebase projects. See firebase-debug.log for more info.
